{"level":"INFO","timestamp":"2019-06-21 21:01:34.382","file":"apiserver/main.go:53","msg":"Start to listening the incoming requests on http address: :8080"}
{"level":"INFO","timestamp":"2019-06-21 21:01:34.383","file":"apiserver/main.go:50","msg":"The router has been deployed successfully."}
{"level":"ERROR","timestamp":"2019-06-21 21:23:50.551","file":"model/init.go:33","msg":"Database connection failed. Database name: db_apiserver","data":{"error":"Error 1698: Access denied for user 'root'@'localhost'"}}
{"level":"ERROR","timestamp":"2019-06-21 21:23:50.552","file":"model/init.go:33","msg":"Database connection failed. Database name: db_apiserver","data":{"error":"Error 1698: Access denied for user 'root'@'localhost'"}}
{"level":"INFO","timestamp":"2019-06-21 21:23:50.552","file":"apiserver/main.go:59","msg":"Start to listening the incoming requests on http address: :8080"}
{"level":"INFO","timestamp":"2019-06-21 21:23:50.553","file":"apiserver/main.go:56","msg":"The router has been deployed successfully."}
{"level":"ERROR","timestamp":"2019-06-21 21:29:33.408","file":"model/init.go:33","msg":"Database connection failed. Database name: db_apiserver","data":{"error":"Error 1698: Access denied for user 'root'@'localhost'"}}
{"level":"ERROR","timestamp":"2019-06-21 21:29:33.409","file":"model/init.go:33","msg":"Database connection failed. Database name: db_apiserver","data":{"error":"Error 1698: Access denied for user 'root'@'localhost'"}}
{"level":"INFO","timestamp":"2019-06-21 21:29:33.409","file":"apiserver/main.go:59","msg":"Start to listening the incoming requests on http address: :8080"}
{"level":"INFO","timestamp":"2019-06-21 21:29:33.410","file":"apiserver/main.go:56","msg":"The router has been deployed successfully."}
{"level":"ERROR","timestamp":"2019-06-21 21:34:36.193","file":"model/init.go:33","msg":"Database connection failed. Database name: db_apiserver","data":{"error":"Error 1698: Access denied for user 'root'@'localhost'"}}
{"level":"ERROR","timestamp":"2019-06-21 21:34:36.194","file":"model/init.go:33","msg":"Database connection failed. Database name: db_apiserver","data":{"error":"Error 1698: Access denied for user 'root'@'localhost'"}}
{"level":"INFO","timestamp":"2019-06-21 21:34:36.194","file":"apiserver/main.go:59","msg":"Start to listening the incoming requests on http address: :8080"}
{"level":"INFO","timestamp":"2019-06-21 21:34:36.195","file":"apiserver/main.go:56","msg":"The router has been deployed successfully."}
{"level":"ERROR","timestamp":"2019-06-21 21:34:43.997","file":"model/init.go:33","msg":"Database connection failed. Database name: db_apiserver","data":{"error":"Error 1698: Access denied for user 'root'@'localhost'"}}
{"level":"ERROR","timestamp":"2019-06-21 21:34:43.998","file":"model/init.go:33","msg":"Database connection failed. Database name: db_apiserver","data":{"error":"Error 1698: Access denied for user 'root'@'localhost'"}}
{"level":"INFO","timestamp":"2019-06-21 21:34:43.998","file":"apiserver/main.go:59","msg":"Start to listening the incoming requests on http address: :8080"}
{"level":"INFO","timestamp":"2019-06-21 21:34:43.999","file":"apiserver/main.go:56","msg":"The router has been deployed successfully."}
{"level":"ERROR","timestamp":"2019-06-21 21:35:53.564","file":"model/init.go:33","msg":"Database connection failed. Database name: db_apiserver","data":{"error":"Error 1698: Access denied for user 'root'@'localhost'"}}
{"level":"ERROR","timestamp":"2019-06-21 21:35:53.564","file":"model/init.go:33","msg":"Database connection failed. Database name: db_apiserver","data":{"error":"Error 1698: Access denied for user 'root'@'localhost'"}}
{"level":"INFO","timestamp":"2019-06-21 21:35:53.565","file":"apiserver/main.go:59","msg":"Start to listening the incoming requests on http address: :8080"}
{"level":"INFO","timestamp":"2019-06-21 21:35:53.567","file":"apiserver/main.go:56","msg":"The router has been deployed successfully."}
{"level":"ERROR","timestamp":"2019-06-21 21:41:55.246","file":"model/init.go:33","msg":"Database connection failed. Database name: db_apiserver","data":{"error":"Error 1045: Access denied for user 'root'@'localhost' (using password: YES)"}}
{"level":"ERROR","timestamp":"2019-06-21 21:41:55.247","file":"model/init.go:33","msg":"Database connection failed. Database name: db_apiserver","data":{"error":"Error 1045: Access denied for user 'root'@'localhost' (using password: YES)"}}
{"level":"INFO","timestamp":"2019-06-21 21:41:55.247","file":"apiserver/main.go:59","msg":"Start to listening the incoming requests on http address: :8080"}
{"level":"INFO","timestamp":"2019-06-21 21:41:55.247","file":"apiserver/main.go:56","msg":"The router has been deployed successfully."}
{"level":"INFO","timestamp":"2019-06-21 21:55:12.572","file":"apiserver/main.go:59","msg":"Start to listening the incoming requests on http address: :8080"}
{"level":"INFO","timestamp":"2019-06-21 21:55:12.573","file":"apiserver/main.go:56","msg":"The router has been deployed successfully."}
{"level":"INFO","timestamp":"2019-06-21 22:05:40.384","file":"apiserver/main.go:59","msg":"Start to listening the incoming requests on http address: :8080"}
{"level":"INFO","timestamp":"2019-06-21 22:05:40.385","file":"apiserver/main.go:56","msg":"The router has been deployed successfully."}
{"level":"DEBUG","timestamp":"2019-06-21 22:09:55.519","file":"user/create.go:26","msg":"username is: [], password is [admin]"}
{"level":"ERROR","timestamp":"2019-06-21 22:09:55.520","file":"user/create.go:29","msg":"Get an error","data":{"error":"Err - code: 20102, message: The user was not found. This is add message., error: username can not found in db: xx.xx.xx.xx"}}
{"level":"DEBUG","timestamp":"2019-06-21 22:09:55.520","file":"user/create.go:33","msg":"err type is ErrUserNotFound"}
{"level":"DEBUG","timestamp":"2019-06-21 22:12:56.230","file":"user/create.go:26","msg":"username is: [admin], password is [admin]"}
{"level":"INFO","timestamp":"2019-06-23 08:25:32.853","file":"apiserver/main.go:59","msg":"Start to listening the incoming requests on http address: :8080"}
{"level":"INFO","timestamp":"2019-06-23 08:25:32.854","file":"apiserver/main.go:74","msg":"Waiting for the router, retry in 1 second."}
{"level":"INFO","timestamp":"2019-06-23 08:25:33.856","file":"apiserver/main.go:56","msg":"The router has been deployed successfully."}
{"level":"INFO","timestamp":"2019-06-23 08:26:36.858","file":"user/create.go:22","msg":"URL username: admin2"}
{"level":"INFO","timestamp":"2019-06-23 08:26:36.858","file":"user/create.go:25","msg":"URL key param desc: test"}
{"level":"INFO","timestamp":"2019-06-23 08:26:36.858","file":"user/create.go:28","msg":"Header Content-Type: application/json"}
{"level":"DEBUG","timestamp":"2019-06-23 08:26:36.858","file":"user/create.go:30","msg":"username is: [admin], password is [admin]"}
{"level":"INFO","timestamp":"2019-06-23 08:28:52.652","file":"user/create.go:22","msg":"URL username: admin2"}
{"level":"INFO","timestamp":"2019-06-23 08:28:52.652","file":"user/create.go:25","msg":"URL key param desc: test"}
{"level":"INFO","timestamp":"2019-06-23 08:28:52.652","file":"user/create.go:28","msg":"Header Content-Type: application/json"}
{"level":"DEBUG","timestamp":"2019-06-23 08:28:52.652","file":"user/create.go:30","msg":"username is: [], password is [admin]"}
{"level":"INFO","timestamp":"2019-06-23 08:29:28.904","file":"user/create.go:22","msg":"URL username: admin2"}
{"level":"INFO","timestamp":"2019-06-23 08:29:28.904","file":"user/create.go:25","msg":"URL key param desc: test"}
{"level":"INFO","timestamp":"2019-06-23 08:29:28.904","file":"user/create.go:28","msg":"Header Content-Type: application/json"}
{"level":"DEBUG","timestamp":"2019-06-23 08:29:28.904","file":"user/create.go:30","msg":"username is: [], password is []"}
{"level":"INFO","timestamp":"2019-06-23 08:29:52.315","file":"user/create.go:22","msg":"URL username: admin2"}
{"level":"INFO","timestamp":"2019-06-23 08:29:52.316","file":"user/create.go:25","msg":"URL key param desc: test"}
{"level":"INFO","timestamp":"2019-06-23 08:29:52.316","file":"user/create.go:28","msg":"Header Content-Type: application/json"}
{"level":"DEBUG","timestamp":"2019-06-23 08:29:52.316","file":"user/create.go:30","msg":"username is: [admin], password is []"}
{"level":"INFO","timestamp":"2019-06-23 09:54:32.358","file":"apiserver/main.go:59","msg":"Start to listening the incoming requests on http address: :8080"}
{"level":"INFO","timestamp":"2019-06-23 09:54:32.359","file":"apiserver/main.go:56","msg":"The router has been deployed successfully."}
{"level":"INFO","timestamp":"2019-06-23 09:54:58.644","file":"user/create.go:16","msg":"User Create function called.","data":{"X-Request-Id":""}}
{"level":"INFO","timestamp":"2019-06-23 09:56:40.567","file":"user/update.go:18","msg":"Update function called.","data":{"X-Request-Id":""}}
{"level":"INFO","timestamp":"2019-06-23 09:57:02.370","file":"user/update.go:18","msg":"Update function called.","data":{"X-Request-Id":""}}
{"level":"INFO","timestamp":"2019-06-23 09:58:25.217","file":"user/update.go:18","msg":"Update function called.","data":{"X-Request-Id":""}}
